
-------------------------------------------------------------------------------
Parsing project file - E:\Darkest Dungeon Trinket Limiter Tool\project.xml
Mod Data Directory = E:/Darkest Dungeon Trinket Limiter Tool/

Creating new item...
...Created

-------------------------------------------------------------------------------
Processing Map Files files...

-------------------------------------------------------------------------------
Searching for preview icon file E:/Darkest Dungeon Trinket Limiter Tool/preview_icon.png...FOUND!
<UploadMode> - Set to direct_upload


-------------------------------------------------------------------------------
Modded files...

README.txt
config.json
preview_icon.png
preview_img.png
project.xml
trinket_limiter.exe

Submitting.............................................................................................Submitted.
Saving project file E:\Darkest Dungeon Trinket Limiter Tool\project.xml

